# JRE version: Java(TM) SE Runtime Environment (20.0.2+9) (build 20.0.2+9-78)
# Java VM: Java HotSpot(TM) 64-Bit Server VM (20.0.2+9-78, mixed mode, sharing, tiered, compressed oops, compressed class ptrs, g1 gc, windows-amd64)
GC Precious Log:
 CardTable entry size: 512
 Card Set container configuration: InlinePtr #cards 4 size 8 Array Of Cards #cards 32 size 80 Howl #buckets 8 coarsen threshold 7372 Howl Bitmap #cards 1024 size 144 coarsen threshold 921 Card regions per heap region 1 cards per card region 8192
 CPUs: 16 total, 16 available
 Memory: 32124M
 Large Page Support: Disabled
 NUMA Support: Disabled
 Compressed Oops: Enabled (Zero based)
 Heap Region Size: 4M
 Heap Min Capacity: 8M
 Heap Initial Capacity: 504M
 Heap Max Capacity: 8032M
 Pre-touch: Disabled
 Parallel Workers: 13
 Concurrent Workers: 3
 Concurrent Refinement Workers: 13
 Periodic GC: Disabled
Heap:
 garbage-first heap   total 274432K, used 156189K [0x000000060a000000, 0x0000000800000000)
  region size 4096K, 28 young (114688K), 3 survivors (12288K)
 Metaspace       used 35622K, committed 36032K, reserved 1114112K
  class space    used 4405K, committed 4608K, reserved 1048576K
GC Heap History (20 events):
Event: 151.540 GC heap before
{Heap before GC invocations=11 (full 0):
 garbage-first heap   total 102400K, used 76697K [0x000000060a000000, 0x0000000800000000)
  region size 4096K, 7 young (28672K), 1 survivors (4096K)
 Metaspace       used 34286K, committed 34688K, reserved 1114112K
  class space    used 4305K, committed 4480K, reserved 1048576K
}
Event: 151.542 GC heap after
{Heap after GC invocations=12 (full 0):
 garbage-first heap   total 102400K, used 64616K [0x000000060a000000, 0x0000000800000000)
  region size 4096K, 1 young (4096K), 1 survivors (4096K)
 Metaspace       used 34286K, committed 34688K, reserved 1114112K
  class space    used 4305K, committed 4480K, reserved 1048576K
}
Event: 151.578 GC heap before
{Heap before GC invocations=12 (full 0):
 garbage-first heap   total 102400K, used 76904K [0x000000060a000000, 0x0000000800000000)
  region size 4096K, 5 young (20480K), 1 survivors (4096K)
 Metaspace       used 34289K, committed 34688K, reserved 1114112K
  class space    used 4305K, committed 4480K, reserved 1048576K
}
Event: 151.580 GC heap after
{Heap after GC invocations=13 (full 0):
 garbage-first heap   total 102400K, used 61368K [0x000000060a000000, 0x0000000800000000)
  region size 4096K, 1 young (4096K), 1 survivors (4096K)
 Metaspace       used 34289K, committed 34688K, reserved 1114112K
  class space    used 4305K, committed 4480K, reserved 1048576K
}
Event: 176.128 GC heap before
{Heap before GC invocations=13 (full 0):
 garbage-first heap   total 102400K, used 77752K [0x000000060a000000, 0x0000000800000000)
  region size 4096K, 5 young (20480K), 1 survivors (4096K)
 Metaspace       used 34454K, committed 34880K, reserved 1114112K
  class space    used 4305K, committed 4480K, reserved 1048576K
}
Event: 176.129 GC heap after
{Heap after GC invocations=14 (full 0):
 garbage-first heap   total 311296K, used 59156K [0x000000060a000000, 0x0000000800000000)
  region size 4096K, 1 young (4096K), 1 survivors (4096K)
 Metaspace       used 34454K, committed 34880K, reserved 1114112K
  class space    used 4305K, committed 4480K, reserved 1048576K
}
Event: 228.565 GC heap before
{Heap before GC invocations=15 (full 0):
 garbage-first heap   total 233472K, used 190228K [0x000000060a000000, 0x0000000800000000)
  region size 4096K, 34 young (139264K), 1 survivors (4096K)
 Metaspace       used 34955K, committed 35328K, reserved 1114112K
  class space    used 4309K, committed 4480K, reserved 1048576K
}
Event: 228.569 GC heap after
{Heap after GC invocations=16 (full 0):
 garbage-first heap   total 233472K, used 78514K [0x000000060a000000, 0x0000000800000000)
  region size 4096K, 5 young (20480K), 5 survivors (20480K)
 Metaspace       used 34955K, committed 35328K, reserved 1114112K
  class space    used 4309K, committed 4480K, reserved 1048576K
}
Event: 228.670 GC heap before
{Heap before GC invocations=16 (full 0):
 garbage-first heap   total 233472K, used 189106K [0x000000060a000000, 0x0000000800000000)
  region size 4096K, 33 young (135168K), 5 survivors (20480K)
 Metaspace       used 34967K, committed 35392K, reserved 1114112K
  class space    used 4309K, committed 4480K, reserved 1048576K
}
Event: 228.675 GC heap after
{Heap after GC invocations=17 (full 0):
 garbage-first heap   total 233472K, used 66733K [0x000000060a000000, 0x0000000800000000)
  region size 4096K, 2 young (8192K), 2 survivors (8192K)
 Metaspace       used 34967K, committed 35392K, reserved 1114112K
  class space    used 4309K, committed 4480K, reserved 1048576K
}
Event: 228.795 GC heap before
{Heap before GC invocations=17 (full 0):
 garbage-first heap   total 233472K, used 189613K [0x000000060a000000, 0x0000000800000000)
  region size 4096K, 33 young (135168K), 2 survivors (8192K)
 Metaspace       used 34991K, committed 35392K, reserved 1114112K
  class space    used 4309K, committed 4480K, reserved 1048576K
}
Event: 228.796 GC heap after
{Heap after GC invocations=18 (full 0):
 garbage-first heap   total 233472K, used 66144K [0x000000060a000000, 0x0000000800000000)
  region size 4096K, 2 young (8192K), 2 survivors (8192K)
 Metaspace       used 34991K, committed 35392K, reserved 1114112K
  class space    used 4309K, committed 4480K, reserved 1048576K
}
Event: 228.910 GC heap before
{Heap before GC invocations=18 (full 0):
 garbage-first heap   total 233472K, used 189024K [0x000000060a000000, 0x0000000800000000)
  region size 4096K, 33 young (135168K), 2 survivors (8192K)
 Metaspace       used 34998K, committed 35392K, reserved 1114112K
  class space    used 4309K, committed 4480K, reserved 1048576K
}
Event: 228.911 GC heap after
{Heap after GC invocations=19 (full 0):
 garbage-first heap   total 233472K, used 66122K [0x000000060a000000, 0x0000000800000000)
  region size 4096K, 2 young (8192K), 2 survivors (8192K)
 Metaspace       used 34998K, committed 35392K, reserved 1114112K
  class space    used 4309K, committed 4480K, reserved 1048576K
}
Event: 239.513 GC heap before
{Heap before GC invocations=20 (full 0):
 garbage-first heap   total 233472K, used 193098K [0x000000060a000000, 0x0000000800000000)
  region size 4096K, 34 young (139264K), 2 survivors (8192K)
 Metaspace       used 35093K, committed 35456K, reserved 1114112K
  class space    used 4315K, committed 4480K, reserved 1048576K
}
Event: 239.515 GC heap after
{Heap after GC invocations=21 (full 0):
 garbage-first heap   total 233472K, used 69038K [0x000000060a000000, 0x0000000800000000)
  region size 4096K, 3 young (12288K), 3 survivors (12288K)
 Metaspace       used 35093K, committed 35456K, reserved 1114112K
  class space    used 4315K, committed 4480K, reserved 1048576K
}
Event: 239.622 GC heap before
{Heap before GC invocations=21 (full 0):
 garbage-first heap   total 233472K, used 191918K [0x000000060a000000, 0x0000000800000000)
  region size 4096K, 34 young (139264K), 3 survivors (12288K)
 Metaspace       used 35096K, committed 35456K, reserved 1114112K
  class space    used 4315K, committed 4480K, reserved 1048576K
}
Event: 239.623 GC heap after
{Heap after GC invocations=22 (full 0):
 garbage-first heap   total 233472K, used 59729K [0x000000060a000000, 0x0000000800000000)
  region size 4096K, 2 young (8192K), 2 survivors (8192K)
 Metaspace       used 35096K, committed 35456K, reserved 1114112K
  class space    used 4315K, committed 4480K, reserved 1048576K
}
Event: 239.740 GC heap before
{Heap before GC invocations=22 (full 0):
 garbage-first heap   total 233472K, used 186705K [0x000000060a000000, 0x0000000800000000)
  region size 4096K, 34 young (139264K), 2 survivors (8192K)
 Metaspace       used 35099K, committed 35456K, reserved 1114112K
  class space    used 4315K, committed 4480K, reserved 1048576K
}
Event: 239.742 GC heap after
{Heap after GC invocations=23 (full 0):
 garbage-first heap   total 282624K, used 61981K [0x000000060a000000, 0x0000000800000000)
  region size 4096K, 3 young (12288K), 3 survivors (12288K)
 Metaspace       used 35099K, committed 35456K, reserved 1114112K
  class space    used 4315K, committed 4480K, reserved 1048576K
}

