# JRE version: Java(TM) SE Runtime Environment (20.0.2+9) (build 20.0.2+9-78)
# Java VM: Java HotSpot(TM) 64-Bit Server VM (20.0.2+9-78, mixed mode, sharing, tiered, compressed oops, compressed class ptrs, g1 gc, windows-amd64)
GC Precious Log:
 CardTable entry size: 512
 Card Set container configuration: InlinePtr #cards 4 size 8 Array Of Cards #cards 32 size 80 Howl #buckets 8 coarsen threshold 7372 Howl Bitmap #cards 1024 size 144 coarsen threshold 921 Card regions per heap region 1 cards per card region 8192
 CPUs: 16 total, 16 available
 Memory: 32124M
 Large Page Support: Disabled
 NUMA Support: Disabled
 Compressed Oops: Enabled (Zero based)
 Heap Region Size: 4M
 Heap Min Capacity: 8M
 Heap Initial Capacity: 504M
 Heap Max Capacity: 8032M
 Pre-touch: Disabled
 Parallel Workers: 13
 Concurrent Workers: 3
 Concurrent Refinement Workers: 13
 Periodic GC: Disabled
Heap:
 garbage-first heap   total 81920K, used 48785K [0x000000060a000000, 0x0000000800000000)
  region size 4096K, 6 young (24576K), 1 survivors (4096K)
 Metaspace       used 28653K, committed 29056K, reserved 1114112K
  class space    used 3658K, committed 3840K, reserved 1048576K
GC Heap History (12 events):
Event: 0.167 GC heap before
{Heap before GC invocations=0 (full 0):
 garbage-first heap   total 516096K, used 20480K [0x000000060a000000, 0x0000000800000000)
  region size 4096K, 6 young (24576K), 0 survivors (0K)
 Metaspace       used 1306K, committed 1472K, reserved 1114112K
  class space    used 131K, committed 192K, reserved 1048576K
}
Event: 0.169 GC heap after
{Heap after GC invocations=1 (full 0):
 garbage-first heap   total 516096K, used 1610K [0x000000060a000000, 0x0000000800000000)
  region size 4096K, 1 young (4096K), 1 survivors (4096K)
 Metaspace       used 1306K, committed 1472K, reserved 1114112K
  class space    used 131K, committed 192K, reserved 1048576K
}
Event: 2.253 GC heap before
{Heap before GC invocations=1 (full 0):
 garbage-first heap   total 516096K, used 54858K [0x000000060a000000, 0x0000000800000000)
  region size 4096K, 15 young (61440K), 1 survivors (4096K)
 Metaspace       used 18881K, committed 19264K, reserved 1114112K
  class space    used 2276K, committed 2432K, reserved 1048576K
}
Event: 2.257 GC heap after
{Heap after GC invocations=2 (full 0):
 garbage-first heap   total 516096K, used 18802K [0x000000060a000000, 0x0000000800000000)
  region size 4096K, 2 young (8192K), 2 survivors (8192K)
 Metaspace       used 18881K, committed 19264K, reserved 1114112K
  class space    used 2276K, committed 2432K, reserved 1048576K
}
Event: 2.990 GC heap before
{Heap before GC invocations=2 (full 0):
 garbage-first heap   total 516096K, used 26994K [0x000000060a000000, 0x0000000800000000)
  region size 4096K, 5 young (20480K), 2 survivors (8192K)
 Metaspace       used 21176K, committed 21504K, reserved 1114112K
  class space    used 2653K, committed 2816K, reserved 1048576K
}
Event: 2.994 GC heap after
{Heap after GC invocations=3 (full 0):
 garbage-first heap   total 516096K, used 19929K [0x000000060a000000, 0x0000000800000000)
  region size 4096K, 2 young (8192K), 2 survivors (8192K)
 Metaspace       used 21176K, committed 21504K, reserved 1114112K
  class space    used 2653K, committed 2816K, reserved 1048576K
}
Event: 6.152 GC heap before
{Heap before GC invocations=4 (full 0):
 garbage-first heap   total 81920K, used 56793K [0x000000060a000000, 0x0000000800000000)
  region size 4096K, 11 young (45056K), 2 survivors (8192K)
 Metaspace       used 26300K, committed 26688K, reserved 1114112K
  class space    used 3387K, committed 3584K, reserved 1048576K
}
Event: 6.156 GC heap after
{Heap after GC invocations=5 (full 0):
 garbage-first heap   total 81920K, used 27571K [0x000000060a000000, 0x0000000800000000)
  region size 4096K, 2 young (8192K), 2 survivors (8192K)
 Metaspace       used 26300K, committed 26688K, reserved 1114112K
  class space    used 3387K, committed 3584K, reserved 1048576K
}
Event: 22.271 GC heap before
{Heap before GC invocations=5 (full 0):
 garbage-first heap   total 81920K, used 52147K [0x000000060a000000, 0x0000000800000000)
  region size 4096K, 9 young (36864K), 2 survivors (8192K)
 Metaspace       used 28147K, committed 28544K, reserved 1114112K
  class space    used 3645K, committed 3840K, reserved 1048576K
}
Event: 22.275 GC heap after
{Heap after GC invocations=6 (full 0):
 garbage-first heap   total 81920K, used 33063K [0x000000060a000000, 0x0000000800000000)
  region size 4096K, 2 young (8192K), 2 survivors (8192K)
 Metaspace       used 28147K, committed 28544K, reserved 1114112K
  class space    used 3645K, committed 3840K, reserved 1048576K
}
Event: 53.823 GC heap before
{Heap before GC invocations=6 (full 0):
 garbage-first heap   total 81920K, used 53543K [0x000000060a000000, 0x0000000800000000)
  region size 4096K, 8 young (32768K), 2 survivors (8192K)
 Metaspace       used 28482K, committed 28928K, reserved 1114112K
  class space    used 3651K, committed 3840K, reserved 1048576K
}
Event: 53.825 GC heap after
{Heap after GC invocations=7 (full 0):
 garbage-first heap   total 81920K, used 36497K [0x000000060a000000, 0x0000000800000000)
  region size 4096K, 1 young (4096K), 1 survivors (4096K)
 Metaspace       used 28482K, committed 28928K, reserved 1114112K
  class space    used 3651K, committed 3840K, reserved 1048576K
}

